# JRE version: Java(TM) SE Runtime Environment (8.0_301-b09) (build 1.8.0_301-b09)
# Java VM: Java HotSpot(TM) 64-Bit Server VM (25.301-b09 mixed mode windows-amd64 compressed oops)
Heap:
 PSYoungGen      total 138240K, used 87311K [0x000000076dc00000, 0x0000000776d00000, 0x00000007c0000000)
  eden space 128000K, 60% used [0x000000076dc00000,0x0000000772745d88,0x0000000775900000)
  from space 10240K, 99% used [0x0000000776300000,0x0000000776cfe030,0x0000000776d00000)
  to   space 10240K, 0% used [0x0000000775900000,0x0000000775900000,0x0000000776300000)
 ParOldGen       total 169472K, used 8727K [0x00000006c9400000, 0x00000006d3980000, 0x000000076dc00000)
  object space 169472K, 5% used [0x00000006c9400000,0x00000006c9c85d38,0x00000006d3980000)
 Metaspace       used 17662K, capacity 18156K, committed 18304K, reserved 1064960K
  class space    used 2020K, capacity 2159K, committed 2176K, reserved 1048576K
GC Heap History (8 events):
Event: 1.005 GC heap before
{Heap before GC invocations=1 (full 0):
 PSYoungGen      total 74240K, used 64000K [0x000000076dc00000, 0x0000000772e80000, 0x00000007c0000000)
  eden space 64000K, 100% used [0x000000076dc00000,0x0000000771a80000,0x0000000771a80000)
  from space 10240K, 0% used [0x0000000772480000,0x0000000772480000,0x0000000772e80000)
  to   space 10240K, 0% used [0x0000000771a80000,0x0000000771a80000,0x0000000772480000)
 ParOldGen       total 169472K, used 0K [0x00000006c9400000, 0x00000006d3980000, 0x000000076dc00000)
  object space 169472K, 0% used [0x00000006c9400000,0x00000006c9400000,0x00000006d3980000)
 Metaspace       used 11692K, capacity 11892K, committed 12032K, reserved 1060864K
  class space    used 1432K, capacity 1513K, committed 1536K, reserved 1048576K
Event: 1.012 GC heap after
Heap after GC invocations=1 (full 0):
 PSYoungGen      total 74240K, used 9745K [0x000000076dc00000, 0x0000000772e80000, 0x00000007c0000000)
  eden space 64000K, 0% used [0x000000076dc00000,0x000000076dc00000,0x0000000771a80000)
  from space 10240K, 95% used [0x0000000771a80000,0x0000000772404770,0x0000000772480000)
  to   space 10240K, 0% used [0x0000000772480000,0x0000000772480000,0x0000000772e80000)
 ParOldGen       total 169472K, used 16K [0x00000006c9400000, 0x00000006d3980000, 0x000000076dc00000)
  object space 169472K, 0% used [0x00000006c9400000,0x00000006c9404000,0x00000006d3980000)
 Metaspace       used 11692K, capacity 11892K, committed 12032K, reserved 1060864K
  class space    used 1432K, capacity 1513K, committed 1536K, reserved 1048576K
}
Event: 1.580 GC heap before
{Heap before GC invocations=2 (full 0):
 PSYoungGen      total 74240K, used 73745K [0x000000076dc00000, 0x0000000772e80000, 0x00000007c0000000)
  eden space 64000K, 100% used [0x000000076dc00000,0x0000000771a80000,0x0000000771a80000)
  from space 10240K, 95% used [0x0000000771a80000,0x0000000772404770,0x0000000772480000)
  to   space 10240K, 0% used [0x0000000772480000,0x0000000772480000,0x0000000772e80000)
 ParOldGen       total 169472K, used 16K [0x00000006c9400000, 0x00000006d3980000, 0x000000076dc00000)
  object space 169472K, 0% used [0x00000006c9400000,0x00000006c9404000,0x00000006d3980000)
 Metaspace       used 15486K, capacity 15736K, committed 15872K, reserved 1062912K
  class space    used 1875K, capacity 1981K, committed 2048K, reserved 1048576K
Event: 1.591 GC heap after
Heap after GC invocations=2 (full 0):
 PSYoungGen      total 74240K, used 10226K [0x000000076dc00000, 0x0000000776d00000, 0x00000007c0000000)
  eden space 64000K, 0% used [0x000000076dc00000,0x000000076dc00000,0x0000000771a80000)
  from space 10240K, 99% used [0x0000000772480000,0x0000000772e7ca78,0x0000000772e80000)
  to   space 10240K, 0% used [0x0000000771a80000,0x0000000771a80000,0x0000000772480000)
 ParOldGen       total 169472K, used 1866K [0x00000006c9400000, 0x00000006d3980000, 0x000000076dc00000)
  object space 169472K, 1% used [0x00000006c9400000,0x00000006c95d29f0,0x00000006d3980000)
 Metaspace       used 15486K, capacity 15736K, committed 15872K, reserved 1062912K
  class space    used 1875K, capacity 1981K, committed 2048K, reserved 1048576K
}
Event: 1.999 GC heap before
{Heap before GC invocations=3 (full 0):
 PSYoungGen      total 74240K, used 74226K [0x000000076dc00000, 0x0000000776d00000, 0x00000007c0000000)
  eden space 64000K, 100% used [0x000000076dc00000,0x0000000771a80000,0x0000000771a80000)
  from space 10240K, 99% used [0x0000000772480000,0x0000000772e7ca78,0x0000000772e80000)
  to   space 10240K, 0% used [0x0000000771a80000,0x0000000771a80000,0x0000000772480000)
 ParOldGen       total 169472K, used 1866K [0x00000006c9400000, 0x00000006d3980000, 0x000000076dc00000)
  object space 169472K, 1% used [0x00000006c9400000,0x00000006c95d29f0,0x00000006d3980000)
 Metaspace       used 15993K, capacity 16360K, committed 16640K, reserved 1064960K
  class space    used 1894K, capacity 1989K, committed 2048K, reserved 1048576K
Event: 2.005 GC heap after
Heap after GC invocations=3 (full 0):
 PSYoungGen      total 74240K, used 10216K [0x000000076dc00000, 0x0000000776d00000, 0x00000007c0000000)
  eden space 64000K, 0% used [0x000000076dc00000,0x000000076dc00000,0x0000000771a80000)
  from space 10240K, 99% used [0x0000000771a80000,0x000000077247a020,0x0000000772480000)
  to   space 10240K, 0% used [0x0000000776300000,0x0000000776300000,0x0000000776d00000)
 ParOldGen       total 169472K, used 5072K [0x00000006c9400000, 0x00000006d3980000, 0x000000076dc00000)
  object space 169472K, 2% used [0x00000006c9400000,0x00000006c98f40c8,0x00000006d3980000)
 Metaspace       used 15993K, capacity 16360K, committed 16640K, reserved 1064960K
  class space    used 1894K, capacity 1989K, committed 2048K, reserved 1048576K
}
Event: 2.489 GC heap before
{Heap before GC invocations=4 (full 0):
 PSYoungGen      total 74240K, used 74216K [0x000000076dc00000, 0x0000000776d00000, 0x00000007c0000000)
  eden space 64000K, 100% used [0x000000076dc00000,0x0000000771a80000,0x0000000771a80000)
  from space 10240K, 99% used [0x0000000771a80000,0x000000077247a020,0x0000000772480000)
  to   space 10240K, 0% used [0x0000000776300000,0x0000000776300000,0x0000000776d00000)
 ParOldGen       total 169472K, used 5072K [0x00000006c9400000, 0x00000006d3980000, 0x000000076dc00000)
  object space 169472K, 2% used [0x00000006c9400000,0x00000006c98f40c8,0x00000006d3980000)
 Metaspace       used 17017K, capacity 17452K, committed 17792K, reserved 1064960K
  class space    used 1976K, capacity 2095K, committed 2176K, reserved 1048576K
Event: 2.500 GC heap after
Heap after GC invocations=4 (full 0):
 PSYoungGen      total 138240K, used 10232K [0x000000076dc00000, 0x0000000776d00000, 0x00000007c0000000)
  eden space 128000K, 0% used [0x000000076dc00000,0x000000076dc00000,0x0000000775900000)
  from space 10240K, 99% used [0x0000000776300000,0x0000000776cfe030,0x0000000776d00000)
  to   space 10240K, 0% used [0x0000000775900000,0x0000000775900000,0x0000000776300000)
 ParOldGen       total 169472K, used 8727K [0x00000006c9400000, 0x00000006d3980000, 0x000000076dc00000)
  object space 169472K, 5% used [0x00000006c9400000,0x00000006c9c85d38,0x00000006d3980000)
 Metaspace       used 17017K, capacity 17452K, committed 17792K, reserved 1064960K
  class space    used 1976K, capacity 2095K, committed 2176K, reserved 1048576K
}

