# JRE version: Java(TM) SE Runtime Environment (8.0_301-b09) (build 1.8.0_301-b09)
# Java VM: Java HotSpot(TM) 64-Bit Server VM (25.301-b09 mixed mode windows-amd64 compressed oops)
Heap:
 PSYoungGen      total 290304K, used 77591K [0x000000076dc00000, 0x0000000786080000, 0x00000007c0000000)
  eden space 277504K, 23% used [0x000000076dc00000,0x0000000771c38ba8,0x000000077eb00000)
  from space 12800K, 92% used [0x000000077f880000,0x000000078040d430,0x0000000780500000)
  to   space 13824K, 0% used [0x000000077eb00000,0x000000077eb00000,0x000000077f880000)
 ParOldGen       total 162304K, used 16551K [0x00000006c9400000, 0x00000006d3280000, 0x000000076dc00000)
  object space 162304K, 10% used [0x00000006c9400000,0x00000006ca429f78,0x00000006d3280000)
 Metaspace       used 46975K, capacity 50174K, committed 50480K, reserved 1093632K
  class space    used 6166K, capacity 6701K, committed 6704K, reserved 1048576K
GC Heap History (10 events):
Event: 4.637 GC heap before
{Heap before GC invocations=4 (full 1):
 PSYoungGen      total 138240K, used 8140K [0x000000076dc00000, 0x000000077ea00000, 0x00000007c0000000)
  eden space 128000K, 0% used [0x000000076dc00000,0x000000076dc00000,0x0000000775900000)
  from space 10240K, 79% used [0x0000000775900000,0x00000007760f3260,0x0000000776300000)
  to   space 10240K, 0% used [0x000000077e000000,0x000000077e000000,0x000000077ea00000)
 ParOldGen       total 169472K, used 32K [0x00000006c9400000, 0x00000006d3980000, 0x000000076dc00000)
  object space 169472K, 0% used [0x00000006c9400000,0x00000006c9408000,0x00000006d3980000)
 Metaspace       used 19790K, capacity 21226K, committed 21296K, reserved 1067008K
  class space    used 2546K, capacity 2829K, committed 2864K, reserved 1048576K
Event: 4.721 GC heap after
Heap after GC invocations=4 (full 1):
 PSYoungGen      total 138240K, used 0K [0x000000076dc00000, 0x000000077ea00000, 0x00000007c0000000)
  eden space 128000K, 0% used [0x000000076dc00000,0x000000076dc00000,0x0000000775900000)
  from space 10240K, 0% used [0x0000000775900000,0x0000000775900000,0x0000000776300000)
  to   space 10240K, 0% used [0x000000077e000000,0x000000077e000000,0x000000077ea00000)
 ParOldGen       total 103424K, used 7841K [0x00000006c9400000, 0x00000006cf900000, 0x000000076dc00000)
  object space 103424K, 7% used [0x00000006c9400000,0x00000006c9ba85b8,0x00000006cf900000)
 Metaspace       used 19790K, capacity 21226K, committed 21296K, reserved 1067008K
  class space    used 2546K, capacity 2829K, committed 2864K, reserved 1048576K
}
Event: 6.621 GC heap before
{Heap before GC invocations=5 (full 1):
 PSYoungGen      total 138240K, used 128000K [0x000000076dc00000, 0x000000077ea00000, 0x00000007c0000000)
  eden space 128000K, 100% used [0x000000076dc00000,0x0000000775900000,0x0000000775900000)
  from space 10240K, 0% used [0x0000000775900000,0x0000000775900000,0x0000000776300000)
  to   space 10240K, 0% used [0x000000077e000000,0x000000077e000000,0x000000077ea00000)
 ParOldGen       total 103424K, used 7841K [0x00000006c9400000, 0x00000006cf900000, 0x000000076dc00000)
  object space 103424K, 7% used [0x00000006c9400000,0x00000006c9ba85b8,0x00000006cf900000)
 Metaspace       used 27060K, capacity 28998K, committed 29232K, reserved 1075200K
  class space    used 3487K, capacity 3837K, committed 3888K, reserved 1048576K
Event: 6.633 GC heap after
Heap after GC invocations=5 (full 1):
 PSYoungGen      total 198144K, used 10230K [0x000000076dc00000, 0x000000077ea00000, 0x00000007c0000000)
  eden space 187904K, 0% used [0x000000076dc00000,0x000000076dc00000,0x0000000779380000)
  from space 10240K, 99% used [0x000000077e000000,0x000000077e9fdb48,0x000000077ea00000)
  to   space 10240K, 0% used [0x000000077d600000,0x000000077d600000,0x000000077e000000)
 ParOldGen       total 103424K, used 8076K [0x00000006c9400000, 0x00000006cf900000, 0x000000076dc00000)
  object space 103424K, 7% used [0x00000006c9400000,0x00000006c9be3000,0x00000006cf900000)
 Metaspace       used 27060K, capacity 28998K, committed 29232K, reserved 1075200K
  class space    used 3487K, capacity 3837K, committed 3888K, reserved 1048576K
}
Event: 8.848 GC heap before
{Heap before GC invocations=6 (full 1):
 PSYoungGen      total 198144K, used 131641K [0x000000076dc00000, 0x000000077ea00000, 0x00000007c0000000)
  eden space 187904K, 64% used [0x000000076dc00000,0x0000000775290bf8,0x0000000779380000)
  from space 10240K, 99% used [0x000000077e000000,0x000000077e9fdb48,0x000000077ea00000)
  to   space 10240K, 0% used [0x000000077d600000,0x000000077d600000,0x000000077e000000)
 ParOldGen       total 103424K, used 8076K [0x00000006c9400000, 0x00000006cf900000, 0x000000076dc00000)
  object space 103424K, 7% used [0x00000006c9400000,0x00000006c9be3000,0x00000006cf900000)
 Metaspace       used 33191K, capacity 35318K, committed 35496K, reserved 1079296K
  class space    used 4389K, capacity 4793K, committed 4912K, reserved 1048576K
Event: 8.893 GC heap after
Heap after GC invocations=6 (full 1):
 PSYoungGen      total 266240K, used 10231K [0x000000076dc00000, 0x0000000780500000, 0x00000007c0000000)
  eden space 256000K, 0% used [0x000000076dc00000,0x000000076dc00000,0x000000077d600000)
  from space 10240K, 99% used [0x000000077d600000,0x000000077dffdd00,0x000000077e000000)
  to   space 12800K, 0% used [0x000000077f880000,0x000000077f880000,0x0000000780500000)
 ParOldGen       total 103424K, used 9524K [0x00000006c9400000, 0x00000006cf900000, 0x000000076dc00000)
  object space 103424K, 9% used [0x00000006c9400000,0x00000006c9d4d2d8,0x00000006cf900000)
 Metaspace       used 33191K, capacity 35318K, committed 35496K, reserved 1079296K
  class space    used 4389K, capacity 4793K, committed 4912K, reserved 1048576K
}
Event: 8.893 GC heap before
{Heap before GC invocations=7 (full 2):
 PSYoungGen      total 266240K, used 10231K [0x000000076dc00000, 0x0000000780500000, 0x00000007c0000000)
  eden space 256000K, 0% used [0x000000076dc00000,0x000000076dc00000,0x000000077d600000)
  from space 10240K, 99% used [0x000000077d600000,0x000000077dffdd00,0x000000077e000000)
  to   space 12800K, 0% used [0x000000077f880000,0x000000077f880000,0x0000000780500000)
 ParOldGen       total 103424K, used 9524K [0x00000006c9400000, 0x00000006cf900000, 0x000000076dc00000)
  object space 103424K, 9% used [0x00000006c9400000,0x00000006c9d4d2d8,0x00000006cf900000)
 Metaspace       used 33191K, capacity 35318K, committed 35496K, reserved 1079296K
  class space    used 4389K, capacity 4793K, committed 4912K, reserved 1048576K
Event: 8.965 GC heap after
Heap after GC invocations=7 (full 2):
 PSYoungGen      total 266240K, used 0K [0x000000076dc00000, 0x0000000780500000, 0x00000007c0000000)
  eden space 256000K, 0% used [0x000000076dc00000,0x000000076dc00000,0x000000077d600000)
  from space 10240K, 0% used [0x000000077d600000,0x000000077d600000,0x000000077e000000)
  to   space 12800K, 0% used [0x000000077f880000,0x000000077f880000,0x0000000780500000)
 ParOldGen       total 162304K, used 16471K [0x00000006c9400000, 0x00000006d3280000, 0x000000076dc00000)
  object space 162304K, 10% used [0x00000006c9400000,0x00000006ca415f68,0x00000006d3280000)
 Metaspace       used 33191K, capacity 35318K, committed 35496K, reserved 1079296K
  class space    used 4389K, capacity 4793K, committed 4912K, reserved 1048576K
}
Event: 11.857 GC heap before
{Heap before GC invocations=8 (full 2):
 PSYoungGen      total 266240K, used 256000K [0x000000076dc00000, 0x0000000780500000, 0x00000007c0000000)
  eden space 256000K, 100% used [0x000000076dc00000,0x000000077d600000,0x000000077d600000)
  from space 10240K, 0% used [0x000000077d600000,0x000000077d600000,0x000000077e000000)
  to   space 12800K, 0% used [0x000000077f880000,0x000000077f880000,0x0000000780500000)
 ParOldGen       total 162304K, used 16471K [0x00000006c9400000, 0x00000006d3280000, 0x000000076dc00000)
  object space 162304K, 10% used [0x00000006c9400000,0x00000006ca415f68,0x00000006d3280000)
 Metaspace       used 42939K, capacity 46052K, committed 46384K, reserved 1089536K
  class space    used 5567K, capacity 6102K, committed 6192K, reserved 1048576K
Event: 11.875 GC heap after
Heap after GC invocations=8 (full 2):
 PSYoungGen      total 290304K, used 11829K [0x000000076dc00000, 0x0000000786080000, 0x00000007c0000000)
  eden space 277504K, 0% used [0x000000076dc00000,0x000000076dc00000,0x000000077eb00000)
  from space 12800K, 92% used [0x000000077f880000,0x000000078040d430,0x0000000780500000)
  to   space 13824K, 0% used [0x000000077eb00000,0x000000077eb00000,0x000000077f880000)
 ParOldGen       total 162304K, used 16551K [0x00000006c9400000, 0x00000006d3280000, 0x000000076dc00000)
  object space 162304K, 10% used [0x00000006c9400000,0x00000006ca429f78,0x00000006d3280000)
 Metaspace       used 42939K, capacity 46052K, committed 46384K, reserved 1089536K
  class space    used 5567K, capacity 6102K, committed 6192K, reserved 1048576K
}

