# JRE version: Java(TM) SE Runtime Environment (8.0_301-b09) (build 1.8.0_301-b09)
# Java VM: Java HotSpot(TM) 64-Bit Server VM (25.301-b09 mixed mode windows-amd64 compressed oops)
Heap:
 PSYoungGen      total 74240K, used 74236K [0x000000076dc00000, 0x0000000776d00000, 0x00000007c0000000)
  eden space 64000K, 100% used [0x000000076dc00000,0x0000000771a80000,0x0000000771a80000)
  from space 10240K, 99% used [0x0000000772480000,0x0000000772e7f0e0,0x0000000772e80000)
  to   space 10240K, 99% used [0x0000000771a80000,0x000000077247a020,0x0000000772480000)
 ParOldGen       total 169472K, used 4813K [0x00000006c9400000, 0x00000006d3980000, 0x000000076dc00000)
  object space 169472K, 2% used [0x00000006c9400000,0x00000006c98b35f0,0x00000006d3980000)
 Metaspace       used 15985K, capacity 16360K, committed 16640K, reserved 1064960K
  class space    used 1893K, capacity 1989K, committed 2048K, reserved 1048576K
GC Heap History (5 events):
Event: 1.153 GC heap before
{Heap before GC invocations=1 (full 0):
 PSYoungGen      total 74240K, used 64000K [0x000000076dc00000, 0x0000000772e80000, 0x00000007c0000000)
  eden space 64000K, 100% used [0x000000076dc00000,0x0000000771a80000,0x0000000771a80000)
  from space 10240K, 0% used [0x0000000772480000,0x0000000772480000,0x0000000772e80000)
  to   space 10240K, 0% used [0x0000000771a80000,0x0000000771a80000,0x0000000772480000)
 ParOldGen       total 169472K, used 0K [0x00000006c9400000, 0x00000006d3980000, 0x000000076dc00000)
  object space 169472K, 0% used [0x00000006c9400000,0x00000006c9400000,0x00000006d3980000)
 Metaspace       used 11652K, capacity 11828K, committed 12032K, reserved 1060864K
  class space    used 1425K, capacity 1513K, committed 1536K, reserved 1048576K
Event: 1.163 GC heap after
Heap after GC invocations=1 (full 0):
 PSYoungGen      total 74240K, used 9640K [0x000000076dc00000, 0x0000000772e80000, 0x00000007c0000000)
  eden space 64000K, 0% used [0x000000076dc00000,0x000000076dc00000,0x0000000771a80000)
  from space 10240K, 94% used [0x0000000771a80000,0x00000007723ea2d8,0x0000000772480000)
  to   space 10240K, 0% used [0x0000000772480000,0x0000000772480000,0x0000000772e80000)
 ParOldGen       total 169472K, used 16K [0x00000006c9400000, 0x00000006d3980000, 0x000000076dc00000)
  object space 169472K, 0% used [0x00000006c9400000,0x00000006c9404000,0x00000006d3980000)
 Metaspace       used 11652K, capacity 11828K, committed 12032K, reserved 1060864K
  class space    used 1425K, capacity 1513K, committed 1536K, reserved 1048576K
}
Event: 1.699 GC heap before
{Heap before GC invocations=2 (full 0):
 PSYoungGen      total 74240K, used 73640K [0x000000076dc00000, 0x0000000772e80000, 0x00000007c0000000)
  eden space 64000K, 100% used [0x000000076dc00000,0x0000000771a80000,0x0000000771a80000)
  from space 10240K, 94% used [0x0000000771a80000,0x00000007723ea2d8,0x0000000772480000)
  to   space 10240K, 0% used [0x0000000772480000,0x0000000772480000,0x0000000772e80000)
 ParOldGen       total 169472K, used 16K [0x00000006c9400000, 0x00000006d3980000, 0x000000076dc00000)
  object space 169472K, 0% used [0x00000006c9400000,0x00000006c9404000,0x00000006d3980000)
 Metaspace       used 15482K, capacity 15736K, committed 15872K, reserved 1062912K
  class space    used 1874K, capacity 1981K, committed 2048K, reserved 1048576K
Event: 1.712 GC heap after
Heap after GC invocations=2 (full 0):
 PSYoungGen      total 74240K, used 10236K [0x000000076dc00000, 0x0000000776d00000, 0x00000007c0000000)
  eden space 64000K, 0% used [0x000000076dc00000,0x000000076dc00000,0x0000000771a80000)
  from space 10240K, 99% used [0x0000000772480000,0x0000000772e7f0e0,0x0000000772e80000)
  to   space 10240K, 0% used [0x0000000771a80000,0x0000000771a80000,0x0000000772480000)
 ParOldGen       total 169472K, used 1874K [0x00000006c9400000, 0x00000006d3980000, 0x000000076dc00000)
  object space 169472K, 1% used [0x00000006c9400000,0x00000006c95d4a08,0x00000006d3980000)
 Metaspace       used 15482K, capacity 15736K, committed 15872K, reserved 1062912K
  class space    used 1874K, capacity 1981K, committed 2048K, reserved 1048576K
}
Event: 2.105 GC heap before
{Heap before GC invocations=3 (full 0):
 PSYoungGen      total 74240K, used 74236K [0x000000076dc00000, 0x0000000776d00000, 0x00000007c0000000)
  eden space 64000K, 100% used [0x000000076dc00000,0x0000000771a80000,0x0000000771a80000)
  from space 10240K, 99% used [0x0000000772480000,0x0000000772e7f0e0,0x0000000772e80000)
  to   space 10240K, 0% used [0x0000000771a80000,0x0000000771a80000,0x0000000772480000)
 ParOldGen       total 169472K, used 1874K [0x00000006c9400000, 0x00000006d3980000, 0x000000076dc00000)
  object space 169472K, 1% used [0x00000006c9400000,0x00000006c95d4a08,0x00000006d3980000)
 Metaspace       used 15985K, capacity 16360K, committed 16640K, reserved 1064960K
  class space    used 1893K, capacity 1989K, committed 2048K, reserved 1048576K

