# JRE version: Java(TM) SE Runtime Environment (8.0_301-b09) (build 1.8.0_301-b09)
# Java VM: Java HotSpot(TM) 64-Bit Server VM (25.301-b09 mixed mode windows-amd64 compressed oops)
Heap:
 PSYoungGen      total 162816K, used 8568K [0x000000076dc00000, 0x000000077ad80000, 0x00000007c0000000)
  eden space 152064K, 5% used [0x000000076dc00000,0x000000076e45e208,0x0000000777080000)
  from space 10752K, 0% used [0x0000000777b00000,0x0000000777b00000,0x0000000778580000)
  to   space 10752K, 0% used [0x0000000777080000,0x0000000777080000,0x0000000777b00000)
 ParOldGen       total 160768K, used 14248K [0x00000006c9400000, 0x00000006d3100000, 0x000000076dc00000)
  object space 160768K, 8% used [0x00000006c9400000,0x00000006ca1ea088,0x00000006d3100000)
 Metaspace       used 34670K, capacity 36824K, committed 37040K, reserved 1081344K
  class space    used 4564K, capacity 4954K, committed 5040K, reserved 1048576K
GC Heap History (10 events):
Event: 1.963 GC heap before
{Heap before GC invocations=4 (full 1):
 PSYoungGen      total 74240K, used 8422K [0x000000076dc00000, 0x0000000776d00000, 0x00000007c0000000)
  eden space 64000K, 0% used [0x000000076dc00000,0x000000076dc00000,0x0000000771a80000)
  from space 10240K, 82% used [0x0000000771a80000,0x00000007722b9bd0,0x0000000772480000)
  to   space 10240K, 0% used [0x0000000776300000,0x0000000776300000,0x0000000776d00000)
 ParOldGen       total 169472K, used 40K [0x00000006c9400000, 0x00000006d3980000, 0x000000076dc00000)
  object space 169472K, 0% used [0x00000006c9400000,0x00000006c940a000,0x00000006d3980000)
 Metaspace       used 19843K, capacity 21266K, committed 21296K, reserved 1067008K
  class space    used 2571K, capacity 2841K, committed 2864K, reserved 1048576K
Event: 1.988 GC heap after
Heap after GC invocations=4 (full 1):
 PSYoungGen      total 74240K, used 0K [0x000000076dc00000, 0x0000000776d00000, 0x00000007c0000000)
  eden space 64000K, 0% used [0x000000076dc00000,0x000000076dc00000,0x0000000771a80000)
  from space 10240K, 0% used [0x0000000771a80000,0x0000000771a80000,0x0000000772480000)
  to   space 10240K, 0% used [0x0000000776300000,0x0000000776300000,0x0000000776d00000)
 ParOldGen       total 103424K, used 7984K [0x00000006c9400000, 0x00000006cf900000, 0x000000076dc00000)
  object space 103424K, 7% used [0x00000006c9400000,0x00000006c9bcc0b8,0x00000006cf900000)
 Metaspace       used 19843K, capacity 21266K, committed 21296K, reserved 1067008K
  class space    used 2571K, capacity 2841K, committed 2864K, reserved 1048576K
}
Event: 2.374 GC heap before
{Heap before GC invocations=5 (full 1):
 PSYoungGen      total 74240K, used 64000K [0x000000076dc00000, 0x0000000776d00000, 0x00000007c0000000)
  eden space 64000K, 100% used [0x000000076dc00000,0x0000000771a80000,0x0000000771a80000)
  from space 10240K, 0% used [0x0000000771a80000,0x0000000771a80000,0x0000000772480000)
  to   space 10240K, 0% used [0x0000000776300000,0x0000000776300000,0x0000000776d00000)
 ParOldGen       total 103424K, used 7984K [0x00000006c9400000, 0x00000006cf900000, 0x000000076dc00000)
  object space 103424K, 7% used [0x00000006c9400000,0x00000006c9bcc0b8,0x00000006cf900000)
 Metaspace       used 24088K, capacity 25670K, committed 25776K, reserved 1071104K
  class space    used 3117K, capacity 3423K, committed 3504K, reserved 1048576K
Event: 2.383 GC heap after
Heap after GC invocations=5 (full 1):
 PSYoungGen      total 105472K, used 6137K [0x000000076dc00000, 0x0000000776900000, 0x00000007c0000000)
  eden space 99328K, 0% used [0x000000076dc00000,0x000000076dc00000,0x0000000773d00000)
  from space 6144K, 99% used [0x0000000776300000,0x00000007768fe4f0,0x0000000776900000)
  to   space 10240K, 0% used [0x0000000775500000,0x0000000775500000,0x0000000775f00000)
 ParOldGen       total 103424K, used 7992K [0x00000006c9400000, 0x00000006cf900000, 0x000000076dc00000)
  object space 103424K, 7% used [0x00000006c9400000,0x00000006c9bce0b8,0x00000006cf900000)
 Metaspace       used 24088K, capacity 25670K, committed 25776K, reserved 1071104K
  class space    used 3117K, capacity 3423K, committed 3504K, reserved 1048576K
}
Event: 3.317 GC heap before
{Heap before GC invocations=6 (full 1):
 PSYoungGen      total 105472K, used 105465K [0x000000076dc00000, 0x0000000776900000, 0x00000007c0000000)
  eden space 99328K, 100% used [0x000000076dc00000,0x0000000773d00000,0x0000000773d00000)
  from space 6144K, 99% used [0x0000000776300000,0x00000007768fe4f0,0x0000000776900000)
  to   space 10240K, 0% used [0x0000000775500000,0x0000000775500000,0x0000000775f00000)
 ParOldGen       total 103424K, used 7992K [0x00000006c9400000, 0x00000006cf900000, 0x000000076dc00000)
  object space 103424K, 7% used [0x00000006c9400000,0x00000006c9bce0b8,0x00000006cf900000)
 Metaspace       used 29482K, capacity 31498K, committed 31664K, reserved 1077248K
  class space    used 3822K, capacity 4227K, committed 4272K, reserved 1048576K
Event: 3.328 GC heap after
Heap after GC invocations=6 (full 1):
 PSYoungGen      total 134144K, used 9561K [0x000000076dc00000, 0x0000000778580000, 0x00000007c0000000)
  eden space 123904K, 0% used [0x000000076dc00000,0x000000076dc00000,0x0000000775500000)
  from space 10240K, 93% used [0x0000000775500000,0x0000000775e56578,0x0000000775f00000)
  to   space 10752K, 0% used [0x0000000777b00000,0x0000000777b00000,0x0000000778580000)
 ParOldGen       total 103424K, used 8000K [0x00000006c9400000, 0x00000006cf900000, 0x000000076dc00000)
  object space 103424K, 7% used [0x00000006c9400000,0x00000006c9bd00b8,0x00000006cf900000)
 Metaspace       used 29482K, capacity 31498K, committed 31664K, reserved 1077248K
  class space    used 3822K, capacity 4227K, committed 4272K, reserved 1048576K
}
Event: 3.962 GC heap before
{Heap before GC invocations=7 (full 1):
 PSYoungGen      total 134144K, used 83044K [0x000000076dc00000, 0x0000000778580000, 0x00000007c0000000)
  eden space 123904K, 59% used [0x000000076dc00000,0x00000007723c2bf8,0x0000000775500000)
  from space 10240K, 93% used [0x0000000775500000,0x0000000775e56578,0x0000000775f00000)
  to   space 10752K, 0% used [0x0000000777b00000,0x0000000777b00000,0x0000000778580000)
 ParOldGen       total 103424K, used 8000K [0x00000006c9400000, 0x00000006cf900000, 0x000000076dc00000)
  object space 103424K, 7% used [0x00000006c9400000,0x00000006c9bd00b8,0x00000006cf900000)
 Metaspace       used 33182K, capacity 35318K, committed 35496K, reserved 1079296K
  class space    used 4390K, capacity 4793K, committed 4912K, reserved 1048576K
Event: 3.976 GC heap after
Heap after GC invocations=7 (full 1):
 PSYoungGen      total 162816K, used 9357K [0x000000076dc00000, 0x000000077ad80000, 0x00000007c0000000)
  eden space 152064K, 0% used [0x000000076dc00000,0x000000076dc00000,0x0000000777080000)
  from space 10752K, 87% used [0x0000000777b00000,0x00000007784236d8,0x0000000778580000)
  to   space 10752K, 0% used [0x0000000777080000,0x0000000777080000,0x0000000777b00000)
 ParOldGen       total 103424K, used 8008K [0x00000006c9400000, 0x00000006cf900000, 0x000000076dc00000)
  object space 103424K, 7% used [0x00000006c9400000,0x00000006c9bd20b8,0x00000006cf900000)
 Metaspace       used 33182K, capacity 35318K, committed 35496K, reserved 1079296K
  class space    used 4390K, capacity 4793K, committed 4912K, reserved 1048576K
}
Event: 3.976 GC heap before
{Heap before GC invocations=8 (full 2):
 PSYoungGen      total 162816K, used 9357K [0x000000076dc00000, 0x000000077ad80000, 0x00000007c0000000)
  eden space 152064K, 0% used [0x000000076dc00000,0x000000076dc00000,0x0000000777080000)
  from space 10752K, 87% used [0x0000000777b00000,0x00000007784236d8,0x0000000778580000)
  to   space 10752K, 0% used [0x0000000777080000,0x0000000777080000,0x0000000777b00000)
 ParOldGen       total 103424K, used 8008K [0x00000006c9400000, 0x00000006cf900000, 0x000000076dc00000)
  object space 103424K, 7% used [0x00000006c9400000,0x00000006c9bd20b8,0x00000006cf900000)
 Metaspace       used 33182K, capacity 35318K, committed 35496K, reserved 1079296K
  class space    used 4390K, capacity 4793K, committed 4912K, reserved 1048576K
Event: 4.026 GC heap after
Heap after GC invocations=8 (full 2):
 PSYoungGen      total 162816K, used 0K [0x000000076dc00000, 0x000000077ad80000, 0x00000007c0000000)
  eden space 152064K, 0% used [0x000000076dc00000,0x000000076dc00000,0x0000000777080000)
  from space 10752K, 0% used [0x0000000777b00000,0x0000000777b00000,0x0000000778580000)
  to   space 10752K, 0% used [0x0000000777080000,0x0000000777080000,0x0000000777b00000)
 ParOldGen       total 160768K, used 14248K [0x00000006c9400000, 0x00000006d3100000, 0x000000076dc00000)
  object space 160768K, 8% used [0x00000006c9400000,0x00000006ca1ea088,0x00000006d3100000)
 Metaspace       used 33182K, capacity 35318K, committed 35496K, reserved 1079296K
  class space    used 4390K, capacity 4793K, committed 4912K, reserved 1048576K
}

