# JRE version: Java(TM) SE Runtime Environment (8.0_301-b09) (build 1.8.0_301-b09)
# Java VM: Java HotSpot(TM) 64-Bit Server VM (25.301-b09 mixed mode windows-amd64 compressed oops)
Heap:
 PSYoungGen      total 155136K, used 84171K [0x000000076dc00000, 0x000000077b580000, 0x00000007c0000000)
  eden space 144384K, 54% used [0x000000076dc00000,0x000000077284a0e8,0x0000000776900000)
  from space 10752K, 56% used [0x0000000776900000,0x0000000776ee8f08,0x0000000777380000)
  to   space 10752K, 0% used [0x000000077ab00000,0x000000077ab00000,0x000000077b580000)
 ParOldGen       total 166400K, used 14284K [0x00000006c9400000, 0x00000006d3680000, 0x000000076dc00000)
  object space 166400K, 8% used [0x00000006c9400000,0x00000006ca1f3290,0x00000006d3680000)
 Metaspace       used 42363K, capacity 45240K, committed 45488K, reserved 1089536K
  class space    used 5488K, capacity 5984K, committed 6064K, reserved 1048576K
GC Heap History (10 events):
Event: 1.290 GC heap before
{Heap before GC invocations=5 (full 1):
 PSYoungGen      total 74240K, used 64000K [0x000000076dc00000, 0x0000000776d00000, 0x00000007c0000000)
  eden space 64000K, 100% used [0x000000076dc00000,0x0000000771a80000,0x0000000771a80000)
  from space 10240K, 0% used [0x0000000771a80000,0x0000000771a80000,0x0000000772480000)
  to   space 10240K, 0% used [0x0000000776300000,0x0000000776300000,0x0000000776d00000)
 ParOldGen       total 104448K, used 7858K [0x00000006c9400000, 0x00000006cfa00000, 0x000000076dc00000)
  object space 104448K, 7% used [0x00000006c9400000,0x00000006c9baca30,0x00000006cfa00000)
 Metaspace       used 24095K, capacity 25662K, committed 25776K, reserved 1071104K
  class space    used 3119K, capacity 3423K, committed 3504K, reserved 1048576K
Event: 1.293 GC heap after
Heap after GC invocations=5 (full 1):
 PSYoungGen      total 103936K, used 6160K [0x000000076dc00000, 0x0000000776980000, 0x00000007c0000000)
  eden space 97280K, 0% used [0x000000076dc00000,0x000000076dc00000,0x0000000773b00000)
  from space 6656K, 92% used [0x0000000776300000,0x00000007769041c8,0x0000000776980000)
  to   space 10240K, 0% used [0x0000000775580000,0x0000000775580000,0x0000000775f80000)
 ParOldGen       total 104448K, used 7866K [0x00000006c9400000, 0x00000006cfa00000, 0x000000076dc00000)
  object space 104448K, 7% used [0x00000006c9400000,0x00000006c9baea30,0x00000006cfa00000)
 Metaspace       used 24095K, capacity 25662K, committed 25776K, reserved 1071104K
  class space    used 3119K, capacity 3423K, committed 3504K, reserved 1048576K
}
Event: 1.860 GC heap before
{Heap before GC invocations=6 (full 1):
 PSYoungGen      total 103936K, used 103440K [0x000000076dc00000, 0x0000000776980000, 0x00000007c0000000)
  eden space 97280K, 100% used [0x000000076dc00000,0x0000000773b00000,0x0000000773b00000)
  from space 6656K, 92% used [0x0000000776300000,0x00000007769041c8,0x0000000776980000)
  to   space 10240K, 0% used [0x0000000775580000,0x0000000775580000,0x0000000775f80000)
 ParOldGen       total 104448K, used 7866K [0x00000006c9400000, 0x00000006cfa00000, 0x000000076dc00000)
  object space 104448K, 7% used [0x00000006c9400000,0x00000006c9baea30,0x00000006cfa00000)
 Metaspace       used 29432K, capacity 31434K, committed 31664K, reserved 1077248K
  class space    used 3812K, capacity 4191K, committed 4272K, reserved 1048576K
Event: 1.866 GC heap after
Heap after GC invocations=6 (full 1):
 PSYoungGen      total 134656K, used 9355K [0x000000076dc00000, 0x0000000777d80000, 0x00000007c0000000)
  eden space 124416K, 0% used [0x000000076dc00000,0x000000076dc00000,0x0000000775580000)
  from space 10240K, 91% used [0x0000000775580000,0x0000000775ea2c40,0x0000000775f80000)
  to   space 10240K, 0% used [0x0000000777380000,0x0000000777380000,0x0000000777d80000)
 ParOldGen       total 104448K, used 7874K [0x00000006c9400000, 0x00000006cfa00000, 0x000000076dc00000)
  object space 104448K, 7% used [0x00000006c9400000,0x00000006c9bb0a30,0x00000006cfa00000)
 Metaspace       used 29432K, capacity 31434K, committed 31664K, reserved 1077248K
  class space    used 3812K, capacity 4191K, committed 4272K, reserved 1048576K
}
Event: 2.232 GC heap before
{Heap before GC invocations=7 (full 1):
 PSYoungGen      total 134656K, used 83816K [0x000000076dc00000, 0x0000000777d80000, 0x00000007c0000000)
  eden space 124416K, 59% used [0x000000076dc00000,0x00000007724b73c0,0x0000000775580000)
  from space 10240K, 91% used [0x0000000775580000,0x0000000775ea2c40,0x0000000775f80000)
  to   space 10240K, 0% used [0x0000000777380000,0x0000000777380000,0x0000000777d80000)
 ParOldGen       total 104448K, used 7874K [0x00000006c9400000, 0x00000006cfa00000, 0x000000076dc00000)
  object space 104448K, 7% used [0x00000006c9400000,0x00000006c9bb0a30,0x00000006cfa00000)
 Metaspace       used 33199K, capacity 35314K, committed 35496K, reserved 1079296K
  class space    used 4390K, capacity 4793K, committed 4912K, reserved 1048576K
Event: 2.238 GC heap after
Heap after GC invocations=7 (full 1):
 PSYoungGen      total 154624K, used 9421K [0x000000076dc00000, 0x000000077a700000, 0x00000007c0000000)
  eden space 144384K, 0% used [0x000000076dc00000,0x000000076dc00000,0x0000000776900000)
  from space 10240K, 92% used [0x0000000777380000,0x0000000777cb36d8,0x0000000777d80000)
  to   space 10752K, 0% used [0x0000000776900000,0x0000000776900000,0x0000000777380000)
 ParOldGen       total 104448K, used 7882K [0x00000006c9400000, 0x00000006cfa00000, 0x000000076dc00000)
  object space 104448K, 7% used [0x00000006c9400000,0x00000006c9bb2a30,0x00000006cfa00000)
 Metaspace       used 33199K, capacity 35314K, committed 35496K, reserved 1079296K
  class space    used 4390K, capacity 4793K, committed 4912K, reserved 1048576K
}
Event: 2.238 GC heap before
{Heap before GC invocations=8 (full 2):
 PSYoungGen      total 154624K, used 9421K [0x000000076dc00000, 0x000000077a700000, 0x00000007c0000000)
  eden space 144384K, 0% used [0x000000076dc00000,0x000000076dc00000,0x0000000776900000)
  from space 10240K, 92% used [0x0000000777380000,0x0000000777cb36d8,0x0000000777d80000)
  to   space 10752K, 0% used [0x0000000776900000,0x0000000776900000,0x0000000777380000)
 ParOldGen       total 104448K, used 7882K [0x00000006c9400000, 0x00000006cfa00000, 0x000000076dc00000)
  object space 104448K, 7% used [0x00000006c9400000,0x00000006c9bb2a30,0x00000006cfa00000)
 Metaspace       used 33199K, capacity 35314K, committed 35496K, reserved 1079296K
  class space    used 4390K, capacity 4793K, committed 4912K, reserved 1048576K
Event: 2.266 GC heap after
Heap after GC invocations=8 (full 2):
 PSYoungGen      total 154624K, used 0K [0x000000076dc00000, 0x000000077a700000, 0x00000007c0000000)
  eden space 144384K, 0% used [0x000000076dc00000,0x000000076dc00000,0x0000000776900000)
  from space 10240K, 0% used [0x0000000777380000,0x0000000777380000,0x0000000777d80000)
  to   space 10752K, 0% used [0x0000000776900000,0x0000000776900000,0x0000000777380000)
 ParOldGen       total 166400K, used 14204K [0x00000006c9400000, 0x00000006d3680000, 0x000000076dc00000)
  object space 166400K, 8% used [0x00000006c9400000,0x00000006ca1df280,0x00000006d3680000)
 Metaspace       used 33199K, capacity 35314K, committed 35496K, reserved 1079296K
  class space    used 4390K, capacity 4793K, committed 4912K, reserved 1048576K
}
Event: 2.984 GC heap before
{Heap before GC invocations=9 (full 2):
 PSYoungGen      total 154624K, used 144384K [0x000000076dc00000, 0x000000077a700000, 0x00000007c0000000)
  eden space 144384K, 100% used [0x000000076dc00000,0x0000000776900000,0x0000000776900000)
  from space 10240K, 0% used [0x0000000777380000,0x0000000777380000,0x0000000777d80000)
  to   space 10752K, 0% used [0x0000000776900000,0x0000000776900000,0x0000000777380000)
 ParOldGen       total 166400K, used 14204K [0x00000006c9400000, 0x00000006d3680000, 0x000000076dc00000)
  object space 166400K, 8% used [0x00000006c9400000,0x00000006ca1df280,0x00000006d3680000)
 Metaspace       used 40477K, capacity 42812K, committed 43056K, reserved 1087488K
  class space    used 5164K, capacity 5606K, committed 5680K, reserved 1048576K
Event: 2.990 GC heap after
Heap after GC invocations=9 (full 2):
 PSYoungGen      total 155136K, used 6051K [0x000000076dc00000, 0x000000077b580000, 0x00000007c0000000)
  eden space 144384K, 0% used [0x000000076dc00000,0x000000076dc00000,0x0000000776900000)
  from space 10752K, 56% used [0x0000000776900000,0x0000000776ee8f08,0x0000000777380000)
  to   space 10752K, 0% used [0x000000077ab00000,0x000000077ab00000,0x000000077b580000)
 ParOldGen       total 166400K, used 14284K [0x00000006c9400000, 0x00000006d3680000, 0x000000076dc00000)
  object space 166400K, 8% used [0x00000006c9400000,0x00000006ca1f3290,0x00000006d3680000)
 Metaspace       used 40477K, capacity 42812K, committed 43056K, reserved 1087488K
  class space    used 5164K, capacity 5606K, committed 5680K, reserved 1048576K
}

